2025-08-15 13:03:42 [INFO] [IN] confirm_phone {"phone":"79222909881","request_id":"4dddb198-0041-410c-aeed-71f1da42675e","method":"sms"}
2025-08-15 13:03:42 [INFO] [OUT] confirm_phone API response {"phone":"79222909881","request_id":"4dddb198-0041-410c-aeed-71f1da42675e","apiStatus":200,"apiResponse":"{\r\n\"result\": true,\r\n\"data\": {\r\n\"auth_type\": \"sms\"\r\n}\r\n}"}
2025-08-15 13:03:50 [INFO] [IN] confirm_phone {"phone":"79222909881","confirmation_code":"8717","request_id":"4dddb198-0041-410c-aeed-71f1da42675e","method":"sms"}
2025-08-15 13:03:50 [INFO] [OUT] confirm_phone API response {"phone":"79222909881","confirmation_code":"8717","request_id":"4dddb198-0041-410c-aeed-71f1da42675e","apiStatus":200,"apiResponse":"{\r\n\"result\": true,\r\n\"data\": {\r\n\"pass_token\": \"032BC3A58D9966259AB4905F8935278A\"\r\n}\r\n}"}
2025-08-15 13:15:02 [INFO] [IN] confirm_phone {"phone":"79222909881","request_id":"a6e1301a-65ce-4a37-9d9d-8a95c9467d00","method":"sms"}
2025-08-15 13:15:02 [INFO] [OUT] confirm_phone API response {"phone":"79222909881","request_id":"a6e1301a-65ce-4a37-9d9d-8a95c9467d00","apiStatus":200,"apiResponse":"{\r\n\"result\": true,\r\n\"data\": {\r\n\"auth_type\": \"sms\"\r\n}\r\n}"}
2025-08-15 13:15:17 [INFO] [IN] confirm_phone {"phone":"79222909881","confirmation_code":"3637","request_id":"a6e1301a-65ce-4a37-9d9d-8a95c9467d00","method":"sms"}
2025-08-15 13:15:17 [INFO] [OUT] confirm_phone API response {"phone":"79222909881","confirmation_code":"3637","request_id":"a6e1301a-65ce-4a37-9d9d-8a95c9467d00","apiStatus":200,"apiResponse":"{\r\n\"result\": true,\r\n\"data\": {\r\n\"pass_token\": \"032BC3A58D9966259AB4905F8935278A\"\r\n}\r\n}"}
2025-08-15 13:19:06 [INFO] [IN] confirm_phone {"phone":"79222909881","request_id":"efa28a84-6756-42ef-a478-3358edc717a1","method":"sms"}
2025-08-15 13:19:07 [INFO] [OUT] confirm_phone API response {"phone":"79222909881","request_id":"efa28a84-6756-42ef-a478-3358edc717a1","apiStatus":200,"apiResponse":"{\r\n\"result\": true,\r\n\"data\": {\r\n\"auth_type\": \"sms\"\r\n}\r\n}"}
2025-08-15 13:19:16 [INFO] [IN] confirm_phone {"phone":"79222909881","confirmation_code":"4188","request_id":"efa28a84-6756-42ef-a478-3358edc717a1","method":"sms"}
2025-08-15 13:19:16 [INFO] [OUT] confirm_phone API response {"phone":"79222909881","confirmation_code":"4188","request_id":"efa28a84-6756-42ef-a478-3358edc717a1","apiStatus":200,"apiResponse":"{\r\n\"result\": true,\r\n\"data\": {\r\n\"pass_token\": \"032BC3A58D9966259AB4905F8935278A\"\r\n}\r\n}"}
2025-08-15 13:24:38 [INFO] [IN] confirm_phone {"phone":"79222909881","request_id":"a2460eb1-b8dc-4de4-8784-bd8d23ac02ad","method":"sms"}
2025-08-15 13:24:38 [INFO] [OUT] confirm_phone API response {"phone":"79222909881","request_id":"a2460eb1-b8dc-4de4-8784-bd8d23ac02ad","apiStatus":200,"apiResponse":"{\r\n\"result\": true,\r\n\"data\": {\r\n\"auth_type\": \"sms\"\r\n}\r\n}"}
2025-08-15 13:24:50 [INFO] [IN] confirm_phone {"phone":"79222909881","confirmation_code":"7297","request_id":"a2460eb1-b8dc-4de4-8784-bd8d23ac02ad","method":"sms"}
2025-08-15 13:24:50 [INFO] [OUT] confirm_phone API response {"phone":"79222909881","confirmation_code":"7297","request_id":"a2460eb1-b8dc-4de4-8784-bd8d23ac02ad","apiStatus":200,"apiResponse":"{\r\n\"result\": true,\r\n\"data\": {\r\n\"pass_token\": \"032BC3A58D9966259AB4905F8935278A\"\r\n}\r\n}"}
2025-08-15 13:27:30 [INFO] [IN] confirm_phone {"phone":"79222909881","request_id":"8ebf24fb-1eaf-4284-b4e3-01ca4788ead0","method":"sms"}
2025-08-15 13:27:30 [INFO] [OUT] confirm_phone API response {"phone":"79222909881","request_id":"8ebf24fb-1eaf-4284-b4e3-01ca4788ead0","apiStatus":200,"apiResponse":"{\r\n\"result\": true,\r\n\"data\": {\r\n\"auth_type\": \"sms\"\r\n}\r\n}"}
2025-08-15 13:27:56 [INFO] [IN] confirm_phone {"phone":"79222909881","confirmation_code":"3817","request_id":"8ebf24fb-1eaf-4284-b4e3-01ca4788ead0","method":"sms"}
2025-08-15 13:27:56 [INFO] [OUT] confirm_phone API response {"phone":"79222909881","confirmation_code":"3817","request_id":"8ebf24fb-1eaf-4284-b4e3-01ca4788ead0","apiStatus":200,"apiResponse":"{\r\n\"result\": true,\r\n\"data\": {\r\n\"pass_token\": \"032BC3A58D9966259AB4905F8935278A\"\r\n}\r\n}"}
2025-08-15 13:29:22 [INFO] [IN] confirm_phone {"phone":"79226161698","request_id":"6afc5a36-01bc-47dd-a6d2-0b113828ecc9","method":"sms"}
2025-08-15 13:29:22 [INFO] [OUT] confirm_phone API response {"phone":"79226161698","request_id":"6afc5a36-01bc-47dd-a6d2-0b113828ecc9","apiStatus":200,"apiResponse":"{\r\n\"result\": true,\r\n\"data\": {\r\n\"auth_type\": \"sms\"\r\n}\r\n}"}
2025-08-15 13:29:37 [INFO] [IN] confirm_phone {"phone":"79226161698","confirmation_code":"2957","request_id":"6afc5a36-01bc-47dd-a6d2-0b113828ecc9","method":"sms"}
2025-08-15 13:29:37 [INFO] [OUT] confirm_phone API response {"phone":"79226161698","confirmation_code":"2957","request_id":"6afc5a36-01bc-47dd-a6d2-0b113828ecc9","apiStatus":200,"apiResponse":"{\r\n\"result\": true,\r\n\"data\": {\r\n\"pass_token\": \"F71E49CA658ADE1CC85E4D179EE7BB94\"\r\n}\r\n}"}
2025-08-16 10:44:10 [INFO] [IN] confirm_phone {"phone":"79226161698","request_id":"45771ef2-c078-4b8a-bfae-48266af9f299","method":"sms"}
2025-08-16 10:44:11 [INFO] [OUT] confirm_phone API response {"phone":"79226161698","request_id":"45771ef2-c078-4b8a-bfae-48266af9f299","apiStatus":200,"apiResponse":"{\r\n\"result\": true,\r\n\"data\": {\r\n\"auth_type\": \"sms\"\r\n}\r\n}"}
2025-08-16 10:44:22 [INFO] [IN] confirm_phone {"phone":"79226161698","confirmation_code":"5967","request_id":"45771ef2-c078-4b8a-bfae-48266af9f299","method":"sms"}
2025-08-16 10:44:22 [INFO] [OUT] confirm_phone API response {"phone":"79226161698","confirmation_code":"5967","request_id":"45771ef2-c078-4b8a-bfae-48266af9f299","apiStatus":200,"apiResponse":"{\r\n\"result\": true,\r\n\"data\": {\r\n\"pass_token\": \"F71E49CA658ADE1CC85E4D179EE7BB94\"\r\n}\r\n}"}
